<?xml version="1.0" encoding="UTF-8"?>
<testng-results ignored="1" total="2" passed="1" failed="0" skipped="0">
  <reporter-output>
  </reporter-output>
  <suite started-at="2022-09-15T15:26:30 IST" name="Default suite" finished-at="2022-09-15T15:27:04 IST" duration-ms="33469">
    <groups>
    </groups>
    <test started-at="2022-09-15T15:26:30 IST" name="Default test" finished-at="2022-09-15T15:27:04 IST" duration-ms="33469">
      <class name="qamiraki.FabpickSeller">
        <test-method is-config="true" signature="beforeTest()[pri:0, instance:qamiraki.FabpickSeller@54f66455]" started-at="2022-09-15T15:26:30 IST" name="beforeTest" finished-at="2022-09-15T15:26:45 IST" duration-ms="14775" status="PASS">
          <reporter-output>
          </reporter-output>
        </test-method> <!-- beforeTest -->
        <test-method signature="BulkModify()[pri:1, instance:qamiraki.FabpickSeller@54f66455]" started-at="2022-09-15T15:26:45 IST" name="BulkModify" finished-at="2022-09-15T15:27:04 IST" duration-ms="18654" status="PASS">
          <reporter-output>
          </reporter-output>
        </test-method> <!-- BulkModify -->
        <test-method is-config="true" signature="afterTest()[pri:0, instance:qamiraki.FabpickSeller@54f66455]" started-at="2022-09-15T15:27:04 IST" name="afterTest" finished-at="2022-09-15T15:27:04 IST" duration-ms="1" status="PASS">
          <reporter-output>
          </reporter-output>
        </test-method> <!-- afterTest -->
      </class> <!-- qamiraki.FabpickSeller -->
    </test> <!-- Default test -->
  </suite> <!-- Default suite -->
</testng-results>
